2018-02-21T13:21:16.329+0800 I CONTROL  [initandlisten] MongoDB starting : pid=14192 port=27017 dbpath=D:\Program Files\MongoDB\data 64-bit host=DESKTOP-G3UU7IQ
2018-02-21T13:21:16.329+0800 I CONTROL  [initandlisten] targetMinOS: Windows 7/Windows Server 2008 R2
2018-02-21T13:21:16.330+0800 I CONTROL  [initandlisten] db version v3.6.2
2018-02-21T13:21:16.330+0800 I CONTROL  [initandlisten] git version: 489d177dbd0f0420a8ca04d39fd78d0a2c539420
2018-02-21T13:21:16.330+0800 I CONTROL  [initandlisten] OpenSSL version: OpenSSL 1.0.1u-fips  22 Sep 2016
2018-02-21T13:21:16.330+0800 I CONTROL  [initandlisten] allocator: tcmalloc
2018-02-21T13:21:16.331+0800 I CONTROL  [initandlisten] modules: none
2018-02-21T13:21:16.331+0800 I CONTROL  [initandlisten] build environment:
2018-02-21T13:21:17.258+0800 I CONTROL  [initandlisten]     distmod: 2008plus-ssl
2018-02-21T13:21:17.258+0800 I CONTROL  [initandlisten]     distarch: x86_64
2018-02-21T13:21:17.258+0800 I CONTROL  [initandlisten]     target_arch: x86_64
2018-02-21T13:21:17.258+0800 I CONTROL  [initandlisten] options: { config: "D:\Program Files\MongoDB\Server\3.6\mongod.cfg", storage: { dbPath: "D:\Program Files\MongoDB\data" }, systemLog: { destination: "file", path: "D:\Program Files\MongoDB\data\db\log\mongod.log" } }
2018-02-21T13:21:17.322+0800 I STORAGE  [initandlisten] wiredtiger_open config: create,cache_size=7620M,session_max=20000,eviction=(threads_min=4,threads_max=4),config_base=false,statistics=(fast),log=(enabled=true,archive=true,path=journal,compressor=snappy),file_manager=(close_idle_time=100000),statistics_log=(wait=0),verbose=(recovery_progress),
2018-02-21T13:21:18.098+0800 I CONTROL  [initandlisten] 
2018-02-21T13:21:18.098+0800 I CONTROL  [initandlisten] ** WARNING: Access control is not enabled for the database.
2018-02-21T13:21:18.098+0800 I CONTROL  [initandlisten] **          Read and write access to data and configuration is unrestricted.
2018-02-21T13:21:18.098+0800 I CONTROL  [initandlisten] 
2018-02-21T13:21:18.098+0800 I CONTROL  [initandlisten] ** WARNING: This server is bound to localhost.
2018-02-21T13:21:18.098+0800 I CONTROL  [initandlisten] **          Remote systems will be unable to connect to this server. 
2018-02-21T13:21:18.098+0800 I CONTROL  [initandlisten] **          Start the server with --bind_ip <address> to specify which IP 
2018-02-21T13:21:18.099+0800 I CONTROL  [initandlisten] **          addresses it should serve responses from, or with --bind_ip_all to
2018-02-21T13:21:18.099+0800 I CONTROL  [initandlisten] **          bind to all interfaces. If this behavior is desired, start the
2018-02-21T13:21:18.099+0800 I CONTROL  [initandlisten] **          server with --bind_ip 127.0.0.1 to disable this warning.
2018-02-21T13:21:18.099+0800 I CONTROL  [initandlisten] 
2018-02-21T13:21:18.099+0800 I CONTROL  [initandlisten] 
2018-02-21T13:21:18.099+0800 I CONTROL  [initandlisten] ** WARNING: The file system cache of this machine is configured to be greater than 40% of the total memory. This can lead to increased memory pressure and poor performance.
2018-02-21T13:21:18.099+0800 I CONTROL  [initandlisten] See http://dochub.mongodb.org/core/wt-windows-system-file-cache
2018-02-21T13:21:18.099+0800 I CONTROL  [initandlisten] 
2018-02-21T13:21:18.101+0800 I STORAGE  [initandlisten] createCollection: admin.system.version with provided UUID: 5e9a5676-5df3-4f38-ab10-c58d7d6478fc
2018-02-21T13:21:18.292+0800 I COMMAND  [initandlisten] setting featureCompatibilityVersion to 3.6
2018-02-21T13:21:18.304+0800 I STORAGE  [initandlisten] createCollection: local.startup_log with generated UUID: cb82f0da-e274-43c9-817a-9aa14ae97602
2018-02-21T13:21:18.928+0800 I FTDC     [initandlisten] Initializing full-time diagnostic data capture with directory 'D:/Program Files/MongoDB/data/diagnostic.data'
2018-02-21T13:21:18.932+0800 I NETWORK  [initandlisten] waiting for connections on port 27017
2018-02-21T13:22:07.948+0800 I CONTROL  [thread1] Ctrl-C signal
2018-02-21T13:22:07.948+0800 I CONTROL  [consoleTerminate] got CTRL_C_EVENT, will terminate after current cmd ends
2018-02-21T13:22:07.949+0800 I NETWORK  [consoleTerminate] shutdown: going to close listening sockets...
2018-02-21T13:22:07.950+0800 I FTDC     [consoleTerminate] Shutting down full-time diagnostic data capture
2018-02-21T13:22:07.968+0800 I STORAGE  [consoleTerminate] WiredTigerKVEngine shutting down
2018-02-21T13:22:08.781+0800 I STORAGE  [consoleTerminate] shutdown: removing fs lock...
2018-02-21T13:22:08.781+0800 I CONTROL  [consoleTerminate] now exiting
2018-02-21T13:22:08.781+0800 I CONTROL  [consoleTerminate] shutting down with code:12
